\BOOKMARK [1][-]{section.1}{\376\377\000T\000T\000P\000A\000S\000M\000\040\000C\000o\000m\000p\000l\000e\000t\000e\000\040\000S\000t\000u\000d\000y\000\040\000G\000u\000i\000d\000e\000\040\000f\000o\000r\000\040\000F\000i\000n\000a\000l\000\040\000E\000x\000a\000m}{}% 1
\BOOKMARK [2][-]{subsection.1.1}{\376\377\000T\000a\000b\000l\000e\000\040\000o\000f\000\040\000C\000o\000n\000t\000e\000n\000t\000s}{section.1}% 2
\BOOKMARK [2][-]{subsection.1.2}{\376\377\000A\000r\000c\000h\000i\000t\000e\000c\000t\000u\000r\000e\000\040\000F\000u\000n\000d\000a\000m\000e\000n\000t\000a\000l\000s}{section.1}% 3
\BOOKMARK [3][-]{subsubsection.1.2.1}{\376\377\000R\000e\000g\000i\000s\000t\000e\000r\000s}{subsection.1.2}% 4
\BOOKMARK [3][-]{subsubsection.1.2.2}{\376\377\000M\000e\000m\000o\000r\000y\000\040\000M\000o\000d\000e\000l}{subsection.1.2}% 5
\BOOKMARK [3][-]{subsubsection.1.2.3}{\376\377\000F\000l\000a\000g\000s}{subsection.1.2}% 6
\BOOKMARK [2][-]{subsection.1.3}{\376\377\000I\000n\000s\000t\000r\000u\000c\000t\000i\000o\000n\000\040\000S\000e\000t\000\040\000R\000e\000f\000e\000r\000e\000n\000c\000e}{section.1}% 7
\BOOKMARK [3][-]{subsubsection.1.3.1}{\376\377\000D\000a\000t\000a\000\040\000M\000o\000v\000e\000m\000e\000n\000t}{subsection.1.3}% 8
\BOOKMARK [3][-]{subsubsection.1.3.2}{\376\377\000A\000r\000i\000t\000h\000m\000e\000t\000i\000c}{subsection.1.3}% 9
\BOOKMARK [3][-]{subsubsection.1.3.3}{\376\377\000L\000o\000g\000i\000c\000a\000l}{subsection.1.3}% 10
\BOOKMARK [3][-]{subsubsection.1.3.4}{\376\377\000C\000o\000m\000p\000a\000r\000i\000s\000o\000n}{subsection.1.3}% 11
\BOOKMARK [3][-]{subsubsection.1.3.5}{\376\377\000C\000o\000n\000t\000r\000o\000l\000\040\000F\000l\000o\000w}{subsection.1.3}% 12
\BOOKMARK [3][-]{subsubsection.1.3.6}{\376\377\000O\000t\000h\000e\000r}{subsection.1.3}% 13
\BOOKMARK [2][-]{subsection.1.4}{\376\377\000S\000t\000a\000c\000k\000\040\000O\000p\000e\000r\000a\000t\000i\000o\000n\000s}{section.1}% 14
\BOOKMARK [3][-]{subsubsection.1.4.1}{\376\377\000T\000h\000e\000\040\000S\000t\000a\000c\000k\000\040\000C\000o\000n\000v\000e\000n\000t\000i\000o\000n}{subsection.1.4}% 15
\BOOKMARK [3][-]{subsubsection.1.4.2}{\376\377\000P\000u\000s\000h\000\040\000O\000p\000e\000r\000a\000t\000i\000o\000n}{subsection.1.4}% 16
\BOOKMARK [3][-]{subsubsection.1.4.3}{\376\377\000P\000o\000p\000\040\000O\000p\000e\000r\000a\000t\000i\000o\000n}{subsection.1.4}% 17
\BOOKMARK [3][-]{subsubsection.1.4.4}{\376\377\000S\000t\000a\000c\000k\000\040\000V\000i\000s\000u\000a\000l\000i\000z\000a\000t\000i\000o\000n}{subsection.1.4}% 18
\BOOKMARK [2][-]{subsection.1.5}{\376\377\000C\000o\000n\000t\000r\000o\000l\000\040\000S\000t\000r\000u\000c\000t\000u\000r\000e\000s}{section.1}% 19
\BOOKMARK [3][-]{subsubsection.1.5.1}{\376\377\000T\000h\000e\000\040\000T\000r\000a\000n\000s\000l\000a\000t\000i\000o\000n\000\040\000P\000r\000o\000c\000e\000s\000s}{subsection.1.5}% 20
\BOOKMARK [3][-]{subsubsection.1.5.2}{\376\377\000I\000f\000\040\000S\000t\000a\000t\000e\000m\000e\000n\000t}{subsection.1.5}% 21
\BOOKMARK [3][-]{subsubsection.1.5.3}{\376\377\000W\000h\000i\000l\000e\000\040\000L\000o\000o\000p\000\040\000\050\000P\000r\000e\000-\000c\000h\000e\000c\000k\000i\000n\000g\000\051}{subsection.1.5}% 22
\BOOKMARK [3][-]{subsubsection.1.5.4}{\376\377\000D\000o\000-\000W\000h\000i\000l\000e\000\040\000L\000o\000o\000p\000\040\000\050\000P\000o\000s\000t\000-\000c\000h\000e\000c\000k\000i\000n\000g\000\051}{subsection.1.5}% 23
\BOOKMARK [3][-]{subsubsection.1.5.5}{\376\377\000B\000o\000o\000l\000e\000a\000n\000\040\000O\000p\000e\000r\000a\000t\000o\000r\000s}{subsection.1.5}% 24
\BOOKMARK [3][-]{subsubsection.1.5.6}{\376\377\000C\000o\000m\000p\000a\000r\000i\000s\000o\000n\000\040\000O\000p\000e\000r\000a\000t\000o\000r\000s}{subsection.1.5}% 25
\BOOKMARK [3][-]{subsubsection.1.5.7}{\376\377\000I\000m\000p\000l\000e\000m\000e\000n\000t\000i\000n\000g\000\040\000C\000o\000m\000p\000a\000r\000i\000s\000o\000n\000s}{subsection.1.5}% 26
\BOOKMARK [3][-]{subsubsection.1.5.8}{\376\377\000L\000a\000b\000e\000l\000\040\000N\000a\000m\000i\000n\000g\000\040\000C\000o\000n\000v\000e\000n\000t\000i\000o\000n\000s}{subsection.1.5}% 27
\BOOKMARK [2][-]{subsection.1.6}{\376\377\000F\000u\000n\000c\000t\000i\000o\000n\000\040\000C\000a\000l\000l\000s\000\040\000\134\000\040\000C\000a\000l\000l\000e\000r\000-\000C\000a\000l\000l\000e\000e\000\040\000A\000g\000r\000e\000e\000m\000e\000n\000t}{section.1}% 28
\BOOKMARK [3][-]{subsubsection.1.6.1}{\376\377\000T\000h\000e\000\040\000A\000g\000r\000e\000e\000m\000e\000n\000t\000\040\000\050\000C\000R\000I\000T\000I\000C\000A\000L\000!\000\051}{subsection.1.6}% 29
\BOOKMARK [3][-]{subsubsection.1.6.2}{\376\377\000C\000a\000l\000l\000e\000r\000\040\000R\000e\000s\000p\000o\000n\000s\000i\000b\000i\000l\000i\000t\000i\000e\000s}{subsection.1.6}% 30
\BOOKMARK [3][-]{subsubsection.1.6.3}{\376\377\000C\000a\000l\000l\000e\000e\000\040\000R\000e\000s\000p\000o\000n\000s\000i\000b\000i\000l\000i\000t\000i\000e\000s}{subsection.1.6}% 31
\BOOKMARK [3][-]{subsubsection.1.6.4}{\376\377\000C\000a\000l\000l\000\040\000F\000r\000a\000m\000e\000\040\000L\000a\000y\000o\000u\000t}{subsection.1.6}% 32
\BOOKMARK [3][-]{subsubsection.1.6.5}{\376\377\000A\000c\000c\000e\000s\000s\000i\000n\000g\000\040\000F\000r\000a\000m\000e\000\040\000I\000t\000e\000m\000s}{subsection.1.6}% 33
\BOOKMARK [3][-]{subsubsection.1.6.6}{\376\377\000I\000m\000p\000o\000r\000t\000a\000n\000t\000\040\000R\000u\000l\000e\000s}{subsection.1.6}% 34
\BOOKMARK [2][-]{subsection.1.7}{\376\377\000A\000r\000r\000a\000y\000s\000\040\000a\000n\000d\000\040\000S\000t\000r\000u\000c\000t\000u\000r\000e\000s}{section.1}% 35
\BOOKMARK [3][-]{subsubsection.1.7.1}{\376\377\000A\000r\000r\000a\000y\000s}{subsection.1.7}% 36
\BOOKMARK [3][-]{subsubsection.1.7.2}{\376\377\000S\000t\000r\000u\000c\000t\000u\000r\000e\000s}{subsection.1.7}% 37
\BOOKMARK [2][-]{subsection.1.8}{\376\377\000C\000o\000m\000m\000o\000n\000\040\000P\000a\000t\000t\000e\000r\000n\000s\000\040\000\134\000\040\000I\000d\000i\000o\000m\000s}{section.1}% 38
\BOOKMARK [3][-]{subsubsection.1.8.1}{\376\377\000P\000a\000t\000t\000e\000r\000n\000\040\0001\000:\000\040\000L\000o\000a\000d\000i\000n\000g\000\040\000a\000\040\000G\000l\000o\000b\000a\000l\000\040\000V\000a\000r\000i\000a\000b\000l\000e}{subsection.1.8}% 39
\BOOKMARK [3][-]{subsubsection.1.8.2}{\376\377\000P\000a\000t\000t\000e\000r\000n\000\040\0002\000:\000\040\000S\000t\000o\000r\000i\000n\000g\000\040\000t\000o\000\040\000a\000\040\000G\000l\000o\000b\000a\000l\000\040\000V\000a\000r\000i\000a\000b\000l\000e}{subsection.1.8}% 40
\BOOKMARK [3][-]{subsubsection.1.8.3}{\376\377\000P\000a\000t\000t\000e\000r\000n\000\040\0003\000:\000\040\000T\000e\000s\000t\000i\000n\000g\000\040\000i\000f\000\040\000R\000e\000g\000i\000s\000t\000e\000r\000\040\000i\000s\000\040\000Z\000e\000r\000o}{subsection.1.8}% 41
\BOOKMARK [3][-]{subsubsection.1.8.4}{\376\377\000P\000a\000t\000t\000e\000r\000n\000\040\0004\000:\000\040\000N\000e\000g\000a\000t\000i\000n\000g\000\040\000a\000\040\000C\000o\000n\000d\000i\000t\000i\000o\000n}{subsection.1.8}% 42
\BOOKMARK [3][-]{subsubsection.1.8.5}{\376\377\000P\000a\000t\000t\000e\000r\000n\000\040\0005\000:\000\040\000S\000a\000v\000i\000n\000g\000\040\000S\000t\000a\000c\000k\000\040\000P\000o\000i\000n\000t\000e\000r}{subsection.1.8}% 43
\BOOKMARK [3][-]{subsubsection.1.8.6}{\376\377\000P\000a\000t\000t\000e\000r\000n\000\040\0006\000:\000\040\000R\000e\000l\000a\000t\000i\000v\000e\000\040\000R\000e\000t\000u\000r\000n\000\040\000A\000d\000d\000r\000e\000s\000s}{subsection.1.8}% 44
\BOOKMARK [3][-]{subsubsection.1.8.7}{\376\377\000P\000a\000t\000t\000e\000r\000n\000\040\0007\000:\000\040\000R\000e\000c\000u\000r\000s\000i\000v\000e\000\040\000F\000u\000n\000c\000t\000i\000o\000n\000\040\000T\000e\000m\000p\000l\000a\000t\000e}{subsection.1.8}% 45
\BOOKMARK [3][-]{subsubsection.1.8.8}{\376\377\000P\000a\000t\000t\000e\000r\000n\000\040\0008\000:\000\040\000P\000a\000s\000s\000i\000n\000g\000\040\000A\000d\000d\000r\000e\000s\000s\000\040\000o\000f\000\040\000V\000a\000r\000i\000a\000b\000l\000e}{subsection.1.8}% 46
\BOOKMARK [3][-]{subsubsection.1.8.9}{\376\377\000P\000a\000t\000t\000e\000r\000n\000\040\0009\000:\000\040\000D\000e\000r\000e\000f\000e\000r\000e\000n\000c\000i\000n\000g\000\040\000a\000\040\000P\000o\000i\000n\000t\000e\000r\000\040\000P\000a\000r\000a\000m\000e\000t\000e\000r}{subsection.1.8}% 47
\BOOKMARK [3][-]{subsubsection.1.8.10}{\376\377\000P\000a\000t\000t\000e\000r\000n\000\040\0001\0000\000:\000\040\000S\000t\000r\000i\000n\000g\000\040\000L\000i\000t\000e\000r\000a\000l}{subsection.1.8}% 48
\BOOKMARK [2][-]{subsection.1.9}{\376\377\000D\000e\000b\000u\000g\000g\000i\000n\000g\000\040\000S\000t\000r\000a\000t\000e\000g\000i\000e\000s}{section.1}% 49
\BOOKMARK [3][-]{subsubsection.1.9.1}{\376\377\0001\000.\000\040\000T\000r\000a\000c\000e\000\040\000t\000h\000e\000\040\000S\000t\000a\000c\000k}{subsection.1.9}% 50
\BOOKMARK [3][-]{subsubsection.1.9.2}{\376\377\0002\000.\000\040\000C\000h\000e\000c\000k\000\040\000O\000f\000f\000s\000e\000t\000\040\000C\000a\000l\000c\000u\000l\000a\000t\000i\000o\000n\000s}{subsection.1.9}% 51
\BOOKMARK [3][-]{subsubsection.1.9.3}{\376\377\0003\000.\000\040\000V\000e\000r\000i\000f\000y\000\040\000C\000o\000m\000p\000a\000r\000i\000s\000o\000n\000\040\000L\000o\000g\000i\000c}{subsection.1.9}% 52
\BOOKMARK [3][-]{subsubsection.1.9.4}{\376\377\0004\000.\000\040\000T\000r\000a\000c\000k\000\040\000R\000e\000g\000i\000s\000t\000e\000r\000\040\000V\000a\000l\000u\000e\000s}{subsection.1.9}% 53
\BOOKMARK [3][-]{subsubsection.1.9.5}{\376\377\0005\000.\000\040\000V\000e\000r\000i\000f\000y\000\040\000R\000e\000t\000u\000r\000n\000\040\000A\000d\000d\000r\000e\000s\000s\000\040\000C\000a\000l\000c\000u\000l\000a\000t\000i\000o\000n}{subsection.1.9}% 54
\BOOKMARK [3][-]{subsubsection.1.9.6}{\376\377\0006\000.\000\040\000C\000h\000e\000c\000k\000\040\000S\000t\000a\000c\000k\000\040\000B\000a\000l\000a\000n\000c\000e}{subsection.1.9}% 55
\BOOKMARK [3][-]{subsubsection.1.9.7}{\376\377\0007\000.\000\040\000T\000r\000a\000c\000e\000\040\000C\000o\000n\000t\000r\000o\000l\000\040\000F\000l\000o\000w}{subsection.1.9}% 56
\BOOKMARK [3][-]{subsubsection.1.9.8}{\376\377\0008\000.\000\040\000C\000h\000e\000c\000k\000\040\000f\000o\000r\000\040\000O\000f\000f\000-\000b\000y\000-\000O\000n\000e\000\040\000E\000r\000r\000o\000r\000s}{subsection.1.9}% 57
\BOOKMARK [2][-]{subsection.1.10}{\376\377\000C\000o\000m\000m\000o\000n\000\040\000M\000i\000s\000t\000a\000k\000e\000s\000\040\000\134\000\040\000H\000o\000w\000\040\000t\000o\000\040\000S\000p\000o\000t\000\040\000T\000h\000e\000m}{section.1}% 58
\BOOKMARK [3][-]{subsubsection.1.10.1}{\376\377\000M\000i\000s\000t\000a\000k\000e\000\040\0001\000:\000\040\000F\000o\000r\000g\000e\000t\000t\000i\000n\000g\000\040\000t\000o\000\040\000D\000e\000r\000e\000f\000e\000r\000e\000n\000c\000e}{subsection.1.10}% 59
\BOOKMARK [3][-]{subsubsection.1.10.2}{\376\377\000M\000i\000s\000t\000a\000k\000e\000\040\0002\000:\000\040\000W\000r\000o\000n\000g\000\040\000A\000r\000g\000u\000m\000e\000n\000t\000\040\000O\000r\000d\000e\000r}{subsection.1.10}% 60
\BOOKMARK [3][-]{subsubsection.1.10.3}{\376\377\000M\000i\000s\000t\000a\000k\000e\000\040\0003\000:\000\040\000C\000a\000l\000l\000e\000e\000\040\000C\000l\000e\000a\000n\000i\000n\000g\000\040\000U\000p\000\040\000A\000r\000g\000u\000m\000e\000n\000t\000s}{subsection.1.10}% 61
\BOOKMARK [3][-]{subsubsection.1.10.4}{\376\377\000M\000i\000s\000t\000a\000k\000e\000\040\0004\000:\000\040\000N\000o\000t\000\040\000P\000r\000e\000s\000e\000r\000v\000i\000n\000g\000\040\000D}{subsection.1.10}% 62
\BOOKMARK [3][-]{subsubsection.1.10.5}{\376\377\000M\000i\000s\000t\000a\000k\000e\000\040\0005\000:\000\040\000I\000n\000c\000o\000r\000r\000e\000c\000t\000\040\000R\000e\000t\000u\000r\000n\000\040\000A\000d\000d\000r\000e\000s\000s\000\040\000O\000f\000f\000s\000e\000t}{subsection.1.10}% 63
\BOOKMARK [3][-]{subsubsection.1.10.6}{\376\377\000M\000i\000s\000t\000a\000k\000e\000\040\0006\000:\000\040\000F\000o\000r\000g\000e\000t\000t\000i\000n\000g\000\040\000t\000o\000\040\000S\000e\000t\000\040\000R\000e\000t\000u\000r\000n\000\040\000V\000a\000l\000u\000e}{subsection.1.10}% 64
\BOOKMARK [3][-]{subsubsection.1.10.7}{\376\377\000M\000i\000s\000t\000a\000k\000e\000\040\0007\000:\000\040\000U\000n\000b\000a\000l\000a\000n\000c\000e\000d\000\040\000S\000t\000a\000c\000k}{subsection.1.10}% 65
\BOOKMARK [3][-]{subsubsection.1.10.8}{\376\377\000M\000i\000s\000t\000a\000k\000e\000\040\0008\000:\000\040\000U\000s\000i\000n\000g\000\040\000W\000r\000o\000n\000g\000\040\000J\000u\000m\000p\000\040\000I\000n\000s\000t\000r\000u\000c\000t\000i\000o\000n}{subsection.1.10}% 66
\BOOKMARK [3][-]{subsubsection.1.10.9}{\376\377\000M\000i\000s\000t\000a\000k\000e\000\040\0009\000:\000\040\000O\000v\000e\000r\000w\000r\000i\000t\000i\000n\000g\000\040\000R\000e\000t\000u\000r\000n\000\040\000A\000d\000d\000r\000e\000s\000s}{subsection.1.10}% 67
\BOOKMARK [3][-]{subsubsection.1.10.10}{\376\377\000M\000i\000s\000t\000a\000k\000e\000\040\0001\0000\000:\000\040\000I\000n\000f\000i\000n\000i\000t\000e\000\040\000L\000o\000o\000p}{subsection.1.10}% 68
\BOOKMARK [2][-]{subsection.1.11}{\376\377\000P\000r\000a\000c\000t\000i\000c\000e\000\040\000P\000r\000o\000b\000l\000e\000m\000s}{section.1}% 69
\BOOKMARK [3][-]{subsubsection.1.11.1}{\376\377\000P\000r\000o\000b\000l\000e\000m\000\040\0001\000:\000\040\000S\000i\000m\000p\000l\000e\000\040\000F\000u\000n\000c\000t\000i\000o\000n\000\040\000C\000a\000l\000l}{subsection.1.11}% 70
\BOOKMARK [3][-]{subsubsection.1.11.2}{\376\377\000P\000r\000o\000b\000l\000e\000m\000\040\0002\000:\000\040\000I\000f\000-\000E\000l\000s\000e\000\040\000S\000t\000a\000t\000e\000m\000e\000n\000t}{subsection.1.11}% 71
\BOOKMARK [3][-]{subsubsection.1.11.3}{\376\377\000P\000r\000o\000b\000l\000e\000m\000\040\0003\000:\000\040\000W\000h\000i\000l\000e\000\040\000L\000o\000o\000p}{subsection.1.11}% 72
\BOOKMARK [3][-]{subsubsection.1.11.4}{\376\377\000P\000r\000o\000b\000l\000e\000m\000\040\0004\000:\000\040\000A\000r\000r\000a\000y\000\040\000A\000c\000c\000e\000s\000s}{subsection.1.11}% 73
\BOOKMARK [3][-]{subsubsection.1.11.5}{\376\377\000P\000r\000o\000b\000l\000e\000m\000\040\0005\000:\000\040\000S\000t\000r\000u\000c\000t\000u\000r\000e\000\040\000A\000c\000c\000e\000s\000s}{subsection.1.11}% 74
\BOOKMARK [3][-]{subsubsection.1.11.6}{\376\377\000P\000r\000o\000b\000l\000e\000m\000\040\0006\000:\000\040\000R\000e\000c\000u\000r\000s\000i\000v\000e\000\040\000F\000a\000c\000t\000o\000r\000i\000a\000l}{subsection.1.11}% 75
\BOOKMARK [3][-]{subsubsection.1.11.7}{\376\377\000P\000r\000o\000b\000l\000e\000m\000\040\0007\000:\000\040\000P\000o\000i\000n\000t\000e\000r\000\040\000D\000e\000r\000e\000f\000e\000r\000e\000n\000c\000i\000n\000g}{subsection.1.11}% 76
\BOOKMARK [3][-]{subsubsection.1.11.8}{\376\377\000P\000r\000o\000b\000l\000e\000m\000\040\0008\000:\000\040\000D\000e\000b\000u\000g\000g\000i\000n\000g\000\040\000C\000h\000a\000l\000l\000e\000n\000g\000e}{subsection.1.11}% 77
\BOOKMARK [2][-]{subsection.1.12}{\376\377\000Q\000u\000i\000c\000k\000\040\000R\000e\000f\000e\000r\000e\000n\000c\000e\000\040\000C\000a\000r\000d}{section.1}% 78
\BOOKMARK [3][-]{subsubsection.1.12.1}{\376\377\000S\000t\000a\000c\000k\000\040\000O\000p\000e\000r\000a\000t\000i\000o\000n\000s}{subsection.1.12}% 79
\BOOKMARK [3][-]{subsubsection.1.12.2}{\376\377\000C\000o\000m\000p\000a\000r\000i\000s\000o\000n\000\040\000O\000p\000e\000r\000a\000t\000i\000o\000n\000s}{subsection.1.12}% 80
\BOOKMARK [3][-]{subsubsection.1.12.3}{\376\377\000F\000u\000n\000c\000t\000i\000o\000n\000\040\000C\000a\000l\000l\000\040\000T\000e\000m\000p\000l\000a\000t\000e}{subsection.1.12}% 81
\BOOKMARK [3][-]{subsubsection.1.12.4}{\376\377\000F\000u\000n\000c\000t\000i\000o\000n\000\040\000D\000e\000f\000i\000n\000i\000t\000i\000o\000n\000\040\000T\000e\000m\000p\000l\000a\000t\000e}{subsection.1.12}% 82
\BOOKMARK [3][-]{subsubsection.1.12.5}{\376\377\000M\000e\000m\000o\000r\000y\000\040\000A\000c\000c\000e\000s\000s}{subsection.1.12}% 83
\BOOKMARK [2][-]{subsection.1.13}{\376\377\000F\000i\000n\000a\000l\000\040\000E\000x\000a\000m\000\040\000T\000i\000p\000s}{section.1}% 84
\BOOKMARK [2][-]{subsection.1.14}{\376\377\000G\000o\000o\000d\000\040\000L\000u\000c\000k\000!\000\040\330\074\337\223}{section.1}% 85
